Using pre-set license
Built from '2021.3/staging' branch; Version is '2021.3.25f1 (68ef2c4f8861) revision 6876972'; Using compiler version '192829333'; Build Type 'Release'
OS: 'Windows 10  (10.0.19045) 64bit Professional' Language: 'en' Physical Memory: 16343 MB
BatchMode: 1, IsHumanControllingUs: 0, StartBugReporterOnCrash: 0, Is64bit: 1, IsPro: 1

COMMAND LINE ARGUMENTS:
D:\MECHANICAL ENGINEERING SOFTWARE\Unity Hub\2021.3.25f1\Editor\Unity.exe
-adb2
-batchMode
-noUpm
-name
AssetImportWorker0
-projectPath
D:/UNITY EĞİTİMLERİ/GİTHUB/OUABootcampTeam-U139/Turn Base Movement
-logFile
Logs/AssetImportWorker0.log
-srvPort
61338
Successfully changed project path to: D:/UNITY EĞİTİMLERİ/GİTHUB/OUABootcampTeam-U139/Turn Base Movement
D:/UNITY EĞİTİMLERİ/GİTHUB/OUABootcampTeam-U139/Turn Base Movement
[UnityMemory] Configuration Parameters - Can be set up in boot.config
    "memorysetup-bucket-allocator-granularity=16"
    "memorysetup-bucket-allocator-bucket-count=8"
    "memorysetup-bucket-allocator-block-size=33554432"
    "memorysetup-bucket-allocator-block-count=8"
    "memorysetup-main-allocator-block-size=16777216"
    "memorysetup-thread-allocator-block-size=16777216"
    "memorysetup-gfx-main-allocator-block-size=16777216"
    "memorysetup-gfx-thread-allocator-block-size=16777216"
    "memorysetup-cache-allocator-block-size=4194304"
    "memorysetup-typetree-allocator-block-size=2097152"
    "memorysetup-profiler-bucket-allocator-granularity=16"
    "memorysetup-profiler-bucket-allocator-bucket-count=8"
    "memorysetup-profiler-bucket-allocator-block-size=33554432"
    "memorysetup-profiler-bucket-allocator-block-count=8"
    "memorysetup-profiler-allocator-block-size=16777216"
    "memorysetup-profiler-editor-allocator-block-size=1048576"
    "memorysetup-temp-allocator-size-main=16777216"
    "memorysetup-job-temp-allocator-block-size=2097152"
    "memorysetup-job-temp-allocator-block-size-background=1048576"
    "memorysetup-job-temp-allocator-reduction-small-platforms=262144"
    "memorysetup-temp-allocator-size-background-worker=32768"
    "memorysetup-temp-allocator-size-job-worker=262144"
    "memorysetup-temp-allocator-size-preload-manager=33554432"
    "memorysetup-temp-allocator-size-nav-mesh-worker=65536"
    "memorysetup-temp-allocator-size-audio-worker=65536"
    "memorysetup-temp-allocator-size-cloud-worker=32768"
    "memorysetup-temp-allocator-size-gi-baking-worker=262144"
    "memorysetup-temp-allocator-size-gfx=262144"
Player connection [10448] Host "[IP] 192.168.1.8 [Port] 0 [Flags] 2 [Guid] 3584729374 [EditorId] 3584729374 [Version] 1048832 [Id] WindowsEditor(7,DESKTOP-81FTCB6) [Debug] 1 [PackageName] WindowsEditor [ProjectName] Editor" joined multi-casting on [225.0.0.222:54997]...

Player connection [10448] Host "[IP] 192.168.1.8 [Port] 0 [Flags] 2 [Guid] 3584729374 [EditorId] 3584729374 [Version] 1048832 [Id] WindowsEditor(7,DESKTOP-81FTCB6) [Debug] 1 [PackageName] WindowsEditor [ProjectName] Editor" joined alternative multi-casting on [225.0.0.222:34997]...

Refreshing native plugins compatible for Editor in 140.50 ms, found 3 plugins.
Preloading 0 native plugins for Editor in 0.00 ms.
Initialize engine version: 2021.3.25f1 (68ef2c4f8861)
[Subsystems] Discovering subsystems at path D:/MECHANICAL ENGINEERING SOFTWARE/Unity Hub/2021.3.25f1/Editor/Data/Resources/UnitySubsystems
[Subsystems] Discovering subsystems at path D:/UNITY EĞİTİMLERİ/GİTHUB/OUABootcampTeam-U139/Turn Base Movement/Assets
GfxDevice: creating device client; threaded=0; jobified=0
Direct3D:
    Version:  Direct3D 11.0 [level 11.1]
    Renderer: NVIDIA GeForce GTX 1070 (ID=0x1b81)
    Vendor:   NVIDIA
    VRAM:     8088 MB
    Driver:   31.0.15.1694
Initialize mono
Mono path[0] = 'D:/MECHANICAL ENGINEERING SOFTWARE/Unity Hub/2021.3.25f1/Editor/Data/Managed'
Mono path[1] = 'D:/MECHANICAL ENGINEERING SOFTWARE/Unity Hub/2021.3.25f1/Editor/Data/MonoBleedingEdge/lib/mono/unityjit-win32'
Mono config path = 'D:/MECHANICAL ENGINEERING SOFTWARE/Unity Hub/2021.3.25f1/Editor/Data/MonoBleedingEdge/etc'
Using monoOptions --debugger-agent=transport=dt_socket,embedding=1,server=y,suspend=n,address=127.0.0.1:56776
Begin MonoManager ReloadAssembly
Registering precompiled unity dll's ...
Register platform support module: D:/MECHANICAL ENGINEERING SOFTWARE/Unity Hub/2021.3.25f1/Editor/Data/PlaybackEngines/WindowsStandaloneSupport/UnityEditor.WindowsStandalone.Extensions.dll
Registered in 0.003794 seconds.
Native extension for WindowsStandalone target not found
Refreshing native plugins compatible for Editor in 148.31 ms, found 3 plugins.
Preloading 0 native plugins for Editor in 0.00 ms.
Mono: successfully reloaded assembly
- Completed reload, in  0.764 seconds
Domain Reload Profiling:
	ReloadAssembly (764ms)
		BeginReloadAssembly (111ms)
			ExecutionOrderSort (0ms)
			DisableScriptedObjects (0ms)
			BackupInstance (0ms)
			ReleaseScriptingObjects (0ms)
			CreateAndSetChildDomain (1ms)
		EndReloadAssembly (555ms)
			LoadAssemblies (110ms)
			RebuildTransferFunctionScriptingTraits (0ms)
			SetupTypeCache (120ms)
			ReleaseScriptCaches (0ms)
			RebuildScriptCaches (30ms)
			SetupLoadedEditorAssemblies (349ms)
				LogAssemblyErrors (0ms)
				InitializePlatformSupportModulesInManaged (7ms)
				SetLoadedEditorAssemblies (0ms)
				RefreshPlugins (148ms)
				BeforeProcessingInitializeOnLoad (1ms)
				ProcessInitializeOnLoadAttributes (143ms)
				ProcessInitializeOnLoadMethodAttributes (49ms)
				AfterProcessingInitializeOnLoad (0ms)
				EditorAssembliesLoaded (0ms)
			ExecutionOrderSort2 (0ms)
			AwakeInstancesAfterBackupRestoration (0ms)
Platform modules already initialized, skipping
Registering precompiled user dll's ...
Registered in 0.009380 seconds.
Begin MonoManager ReloadAssembly
Symbol file LoadedFromMemory doesn't match image D:\UNITY EĞİTİMLERİ\GİTHUB\OUABootcampTeam-U139\Turn Base Movement\Library\PackageCache\com.unity.visualscripting@1.8.0\Editor\VisualScripting.Core\Dependencies\YamlDotNet\Unity.VisualScripting.YamlDotNet.dll
Symbol file LoadedFromMemory doesn't match image D:\UNITY EĞİTİMLERİ\GİTHUB\OUABootcampTeam-U139\Turn Base Movement\Library\PackageCache\com.unity.visualscripting@1.8.0\Editor\VisualScripting.Core\Dependencies\DotNetZip\Unity.VisualScripting.IonicZip.dll
Native extension for WindowsStandalone target not found
Refreshing native plugins compatible for Editor in 155.80 ms, found 3 plugins.
Preloading 0 native plugins for Editor in 0.00 ms.
Mono: successfully reloaded assembly
- Completed reload, in  1.643 seconds
Domain Reload Profiling:
	ReloadAssembly (1644ms)
		BeginReloadAssembly (142ms)
			ExecutionOrderSort (0ms)
			DisableScriptedObjects (6ms)
			BackupInstance (0ms)
			ReleaseScriptingObjects (0ms)
			CreateAndSetChildDomain (20ms)
		EndReloadAssembly (1398ms)
			LoadAssemblies (133ms)
			RebuildTransferFunctionScriptingTraits (0ms)
			SetupTypeCache (367ms)
			ReleaseScriptCaches (1ms)
			RebuildScriptCaches (78ms)
			SetupLoadedEditorAssemblies (802ms)
				LogAssemblyErrors (0ms)
				InitializePlatformSupportModulesInManaged (4ms)
				SetLoadedEditorAssemblies (0ms)
				RefreshPlugins (156ms)
				BeforeProcessingInitializeOnLoad (127ms)
				ProcessInitializeOnLoadAttributes (428ms)
				ProcessInitializeOnLoadMethodAttributes (82ms)
				AfterProcessingInitializeOnLoad (4ms)
				EditorAssembliesLoaded (0ms)
			ExecutionOrderSort2 (0ms)
			AwakeInstancesAfterBackupRestoration (6ms)
Platform modules already initialized, skipping
========================================================================
Worker process is ready to serve import requests
Launched and connected shader compiler UnityShaderCompiler.exe after 0.05 seconds
Refreshing native plugins compatible for Editor in 1.17 ms, found 3 plugins.
Preloading 0 native plugins for Editor in 0.00 ms.
Unloading 5861 Unused Serialized files (Serialized files now loaded: 0)
Unloading 76 unused Assets / (2.6 MB). Loaded Objects now: 6317.
Memory consumption went from 260.2 MB to 257.6 MB.
Total: 4.679200 ms (FindLiveObjects: 0.511300 ms CreateObjectMapping: 0.585000 ms MarkObjects: 2.896500 ms  DeleteObjects: 0.685600 ms)

AssetImportParameters requested are different than current active one (requested -> active):
  custom:video-decoder-ogg-theora: a1e56fd34408186e4bbccfd4996cb3dc -> 
  custom:container-muxer-webm: aa71ff27fc2769a1b78a27578f13a17b -> 
  custom:container-demuxer-webm: 4f35f7cbe854078d1ac9338744f61a02 -> 
  custom:video-encoder-webm-vp8: eb34c28f22e8b96e1ab97ce403110664 -> 
  custom:video-codec-MediaFoundation-h265: 746d11721c4dcdbdad8f713fa42b33f4 -> 
  custom:audio-encoder-webm-vorbis: bf7c407c2cedff20999df2af8eb42d56 -> 
  custom:framework-win-MediaFoundation: 216162199b28c13a410421893ffa2e32 -> 
  custom:container-demuxer-ogg: 62fdf1f143b41e24485cea50d1cbac27 -> 
  custom:video-decoder-webm-vp8: 9c59270c3fd7afecdb556c50c9e8de78 -> 
  custom:audio-decoder-ogg-vorbis: bf7c407c2cedff20999df2af8eb42d56 -> 
========================================================================
Received Import Request.
  Time since last request: 1856.625010 seconds.
  path: Assets/somethings
  artifactKey: Guid(1eda59c66c153f94a84f13f6bab469f6) Importer(815301076,1909f56bfc062723c751e8b465ee728b)
Start importing Assets/somethings using Guid(1eda59c66c153f94a84f13f6bab469f6) Importer(815301076,1909f56bfc062723c751e8b465ee728b)  -> (artifact id: '6ed472c8c928358c61e890df6da99ead') in 0.017005 seconds 
========================================================================
Received Import Request.
  Time since last request: 0.000024 seconds.
  path: Assets/somethings/TextMesh Pro
  artifactKey: Guid(f54d1bd14bd3ca042bd867b519fee8cc) Importer(815301076,1909f56bfc062723c751e8b465ee728b)
Start importing Assets/somethings/TextMesh Pro using Guid(f54d1bd14bd3ca042bd867b519fee8cc) Importer(815301076,1909f56bfc062723c751e8b465ee728b)  -> (artifact id: '6d457b26d2bc8024e58729449d46e968') in 0.012983 seconds 
========================================================================
Received Import Request.
  Time since last request: 0.896980 seconds.
  path: Assets/makbule
  artifactKey: Guid(b986af9baf241574fb5f73580f6f6748) Importer(815301076,1909f56bfc062723c751e8b465ee728b)
Start importing Assets/makbule using Guid(b986af9baf241574fb5f73580f6f6748) Importer(815301076,1909f56bfc062723c751e8b465ee728b)  -> (artifact id: 'bd8f6c83aa118acddc5398c4ade55c9d') in 0.012046 seconds 
========================================================================
Received Import Request.
  Time since last request: 32.017037 seconds.
  path: Assets/1-nesneler
  artifactKey: Guid(1ade584d223a1954ca0def0951421a2e) Importer(815301076,1909f56bfc062723c751e8b465ee728b)
Start importing Assets/1-nesneler using Guid(1ade584d223a1954ca0def0951421a2e) Importer(815301076,1909f56bfc062723c751e8b465ee728b)  -> (artifact id: '4987660fcdfa02c01f287a8ec8e9e8e5') in 0.011850 seconds 
========================================================================
Received Import Request.
  Time since last request: 1.372311 seconds.
  path: Assets/2- materials
  artifactKey: Guid(04662fdc326512348aa2a208d0663707) Importer(815301076,1909f56bfc062723c751e8b465ee728b)
Start importing Assets/2- materials using Guid(04662fdc326512348aa2a208d0663707) Importer(815301076,1909f56bfc062723c751e8b465ee728b)  -> (artifact id: '8153d157040286beab32c816fcb336c8') in 0.011622 seconds 
========================================================================
Received Import Request.
  Time since last request: 1.704503 seconds.
  path: Assets/3- textures
  artifactKey: Guid(3f84a963fb1b6c140ae3930cc69fab65) Importer(815301076,1909f56bfc062723c751e8b465ee728b)
Start importing Assets/3- textures using Guid(3f84a963fb1b6c140ae3930cc69fab65) Importer(815301076,1909f56bfc062723c751e8b465ee728b)  -> (artifact id: '2795dfe732cbb5161940f2037e5aa2b8') in 0.013960 seconds 
========================================================================
Received Import Request.
  Time since last request: 5.954681 seconds.
  path: Assets/LowPoly Fantasy Bags
  artifactKey: Guid(d5e55f018841c9d4aa82ba8d79be576e) Importer(815301076,1909f56bfc062723c751e8b465ee728b)
Start importing Assets/LowPoly Fantasy Bags using Guid(d5e55f018841c9d4aa82ba8d79be576e) Importer(815301076,1909f56bfc062723c751e8b465ee728b)  -> (artifact id: '262a131c869cbb0174bf7c810fadf798') in 0.011162 seconds 
========================================================================
Received Import Request.
  Time since last request: 11.026141 seconds.
  path: Assets/Polygonal Particles
  artifactKey: Guid(890396be9312e4e459db8d57f6b427d9) Importer(815301076,1909f56bfc062723c751e8b465ee728b)
Start importing Assets/Polygonal Particles using Guid(890396be9312e4e459db8d57f6b427d9) Importer(815301076,1909f56bfc062723c751e8b465ee728b)  -> (artifact id: '154182fa5c5de8b3c754937bc939871d') in 0.010861 seconds 
========================================================================
Received Import Request.
  Time since last request: 5.588694 seconds.
  path: Assets/SciFi HandLight Free
  artifactKey: Guid(cb22b85a96d51594b8fd565bc53ea12c) Importer(815301076,1909f56bfc062723c751e8b465ee728b)
Start importing Assets/SciFi HandLight Free using Guid(cb22b85a96d51594b8fd565bc53ea12c) Importer(815301076,1909f56bfc062723c751e8b465ee728b)  -> (artifact id: '16f014c5572b051ca7acf5d6f6ac6544') in 0.011596 seconds 
========================================================================
Received Import Request.
  Time since last request: 2.821073 seconds.
  path: Assets/ShadowVision
  artifactKey: Guid(86207c25a316bc2478ef03a102223466) Importer(815301076,1909f56bfc062723c751e8b465ee728b)
Start importing Assets/ShadowVision using Guid(86207c25a316bc2478ef03a102223466) Importer(815301076,1909f56bfc062723c751e8b465ee728b)  -> (artifact id: '242992f9d7b132aadc1c03759373cb86') in 0.010739 seconds 
========================================================================
Received Import Request.
  Time since last request: 2.697431 seconds.
  path: Assets/TerrainSampleAssets
  artifactKey: Guid(a8378ce7cfcb87e41a81940409ad8a3c) Importer(815301076,1909f56bfc062723c751e8b465ee728b)
Start importing Assets/TerrainSampleAssets using Guid(a8378ce7cfcb87e41a81940409ad8a3c) Importer(815301076,1909f56bfc062723c751e8b465ee728b)  -> (artifact id: '8dbfcbaa9905741058d44e15e6abee5c') in 0.011461 seconds 
========================================================================
Received Import Request.
  Time since last request: 16.269199 seconds.
  path: Assets/Scenes
  artifactKey: Guid(6ea315d0fd7389c41b19996891e99ae3) Importer(815301076,1909f56bfc062723c751e8b465ee728b)
Start importing Assets/Scenes using Guid(6ea315d0fd7389c41b19996891e99ae3) Importer(815301076,1909f56bfc062723c751e8b465ee728b)  -> (artifact id: 'bc172811d573b296104adb4d2728db37') in 0.011258 seconds 
========================================================================
Received Import Request.
  Time since last request: 2.971698 seconds.
  path: Assets/Scenes/SampleScene.unity
  artifactKey: Guid(9fc0d4010bbf28b4594072e72b8655ab) Importer(815301076,1909f56bfc062723c751e8b465ee728b)
Start importing Assets/Scenes/SampleScene.unity using Guid(9fc0d4010bbf28b4594072e72b8655ab) Importer(815301076,1909f56bfc062723c751e8b465ee728b)  -> (artifact id: '5786341c90235f32c1eee40b17b99e4f') in 0.008236 seconds 
========================================================================
Received Import Request.
  Time since last request: 3.445180 seconds.
  path: Assets/Scenes/HEXAGONIA.unity
  artifactKey: Guid(b11af60b85c1108489b341f5e3274725) Importer(815301076,1909f56bfc062723c751e8b465ee728b)
Start importing Assets/Scenes/HEXAGONIA.unity using Guid(b11af60b85c1108489b341f5e3274725) Importer(815301076,1909f56bfc062723c751e8b465ee728b)  -> (artifact id: '375e1bd021322780864689cefa27bd21') in 0.012467 seconds 
========================================================================
Received Import Request.
  Time since last request: 0.554693 seconds.
  path: Assets/Scenes/BAŞLANGIÇ2.unity
  artifactKey: Guid(b370eb635c1ca50439bf10a2580ffb72) Importer(815301076,1909f56bfc062723c751e8b465ee728b)
Start importing Assets/Scenes/BAŞLANGIÇ2.unity using Guid(b370eb635c1ca50439bf10a2580ffb72) Importer(815301076,1909f56bfc062723c751e8b465ee728b)  -> (artifact id: 'e27c192a8de59b2029e19a4d0c979ac1') in 0.011771 seconds 
========================================================================
Received Import Request.
  Time since last request: 0.449188 seconds.
  path: Assets/Scenes/2- castle.unity
  artifactKey: Guid(9ab709b8c277f344698b259ff1cb7236) Importer(815301076,1909f56bfc062723c751e8b465ee728b)
Start importing Assets/Scenes/2- castle.unity using Guid(9ab709b8c277f344698b259ff1cb7236) Importer(815301076,1909f56bfc062723c751e8b465ee728b)  -> (artifact id: 'f38fc6bcc1ade525ecf37c50a2bbad00') in 0.011688 seconds 
========================================================================
Received Import Request.
  Time since last request: 2.594700 seconds.
  path: Assets/Scenes/SampleScene7.unity
  artifactKey: Guid(bc8d8a15de9d5f14894d4860c8eb4a94) Importer(815301076,1909f56bfc062723c751e8b465ee728b)
Start importing Assets/Scenes/SampleScene7.unity using Guid(bc8d8a15de9d5f14894d4860c8eb4a94) Importer(815301076,1909f56bfc062723c751e8b465ee728b)  -> (artifact id: '7811a71a08d22ad075e59eb96b8013ba') in 0.012040 seconds 
========================================================================
Received Import Request.
  Time since last request: 241.766807 seconds.
  path: Assets/Scenes/MainMenu.unity
  artifactKey: Guid(355d4444d3e7b854483964cfb0e20f6b) Importer(815301076,1909f56bfc062723c751e8b465ee728b)
Start importing Assets/Scenes/MainMenu.unity using Guid(355d4444d3e7b854483964cfb0e20f6b) Importer(815301076,1909f56bfc062723c751e8b465ee728b)  -> (artifact id: 'b1d17c649b3fa415adcc4c1e0a45c7c9') in 0.014327 seconds 
========================================================================
Received Import Request.
  Time since last request: 3.213707 seconds.
  path: Assets/Scenes/BAŞLANGIÇ.unity
  artifactKey: Guid(09208f3493942964f96f7f77e0273b5e) Importer(815301076,1909f56bfc062723c751e8b465ee728b)
Start importing Assets/Scenes/BAŞLANGIÇ.unity using Guid(09208f3493942964f96f7f77e0273b5e) Importer(815301076,1909f56bfc062723c751e8b465ee728b)  -> (artifact id: 'fcc696729eb0fd0c5e30626906d4f447') in 0.013315 seconds 
========================================================================
Received Import Request.
  Time since last request: 3.296678 seconds.
  path: Assets/Scenes/1- HEXAGONIA.unity
  artifactKey: Guid(665f09cb9b2cbb34d9e3755a9b1db219) Importer(815301076,1909f56bfc062723c751e8b465ee728b)
Start importing Assets/Scenes/1- HEXAGONIA.unity using Guid(665f09cb9b2cbb34d9e3755a9b1db219) Importer(815301076,1909f56bfc062723c751e8b465ee728b)  -> (artifact id: '2358fc7cdddb43034624b46c4bef078f') in 0.012718 seconds 
========================================================================
Received Import Request.
  Time since last request: 880.926154 seconds.
  path: Assets/Scripts
  artifactKey: Guid(b22fc424e36a3b5478ed56b5a0260a6f) Importer(815301076,1909f56bfc062723c751e8b465ee728b)
Start importing Assets/Scripts using Guid(b22fc424e36a3b5478ed56b5a0260a6f) Importer(815301076,1909f56bfc062723c751e8b465ee728b)  -> (artifact id: '0cdcf4edf4ff96d416984fef751e156e') in 0.012828 seconds 
========================================================================
Received Import Request.
  Time since last request: 20.956409 seconds.
  path: Assets/Scripts/NewBehaviourScript.cs
  artifactKey: Guid(b7a1969e6d0d4b549915f70e035d6301) Importer(815301076,1909f56bfc062723c751e8b465ee728b)
Start importing Assets/Scripts/NewBehaviourScript.cs using Guid(b7a1969e6d0d4b549915f70e035d6301) Importer(815301076,1909f56bfc062723c751e8b465ee728b)  -> (artifact id: '945d13d9e1d405f4a5c2180f69a8a794') in 0.039490 seconds 
========================================================================
Received Import Request.
  Time since last request: 18.576350 seconds.
  path: Assets/Scripts/PauseMenu.cs
  artifactKey: Guid(1c744b5d16e968c428bce730c12c960c) Importer(815301076,1909f56bfc062723c751e8b465ee728b)
Start importing Assets/Scripts/PauseMenu.cs using Guid(1c744b5d16e968c428bce730c12c960c) Importer(815301076,1909f56bfc062723c751e8b465ee728b)  -> (artifact id: '3dd56c90abd9e29342da11820716128e') in 0.016299 seconds 
========================================================================
Received Import Request.
  Time since last request: 419.842273 seconds.
  path: Assets/Scripts/PauseMenu.cs
  artifactKey: Guid(1c744b5d16e968c428bce730c12c960c) Importer(815301076,1909f56bfc062723c751e8b465ee728b)
Start importing Assets/Scripts/PauseMenu.cs using Guid(1c744b5d16e968c428bce730c12c960c) Importer(815301076,1909f56bfc062723c751e8b465ee728b)  -> (artifact id: 'e3cf3825ee3e57dd2bf772a95790b28b') in 0.006258 seconds 
========================================================================
Received Import Request.
  Time since last request: 295.045801 seconds.
  path: Assets/Scripts/PlayerInput.cs
  artifactKey: Guid(35debafa8ccf06d4cae3e4ebb92a4f1b) Importer(815301076,1909f56bfc062723c751e8b465ee728b)
Start importing Assets/Scripts/PlayerInput.cs using Guid(35debafa8ccf06d4cae3e4ebb92a4f1b) Importer(815301076,1909f56bfc062723c751e8b465ee728b)  -> (artifact id: '0e31d71cd0806c5a2495822108006d99') in 0.011788 seconds 
========================================================================
Received Import Request.
  Time since last request: 73.702652 seconds.
  path: Assets/Scripts/PauseMenu.cs
  artifactKey: Guid(1c744b5d16e968c428bce730c12c960c) Importer(815301076,1909f56bfc062723c751e8b465ee728b)
Start importing Assets/Scripts/PauseMenu.cs using Guid(1c744b5d16e968c428bce730c12c960c) Importer(815301076,1909f56bfc062723c751e8b465ee728b)  -> (artifact id: '06d0d0ea753b0e71e3f5618cde1419bb') in 0.004807 seconds 
========================================================================
Received Import Request.
  Time since last request: 114.880723 seconds.
  path: Assets/Scripts/PauseMenu.cs
  artifactKey: Guid(1c744b5d16e968c428bce730c12c960c) Importer(815301076,1909f56bfc062723c751e8b465ee728b)
Start importing Assets/Scripts/PauseMenu.cs using Guid(1c744b5d16e968c428bce730c12c960c) Importer(815301076,1909f56bfc062723c751e8b465ee728b)  -> (artifact id: '1e72e50dc28776200c1d4cc0a39a0a77') in 0.003043 seconds 
========================================================================
Received Import Request.
  Time since last request: 115.180413 seconds.
  path: Assets/Scripts/PauseMenu1.cs
  artifactKey: Guid(de848df59c944da4e80955183a7a0e6c) Importer(815301076,1909f56bfc062723c751e8b465ee728b)
Start importing Assets/Scripts/PauseMenu1.cs using Guid(de848df59c944da4e80955183a7a0e6c) Importer(815301076,1909f56bfc062723c751e8b465ee728b)  -> (artifact id: '06ef81cc44122ee0332c8724633cbe49') in 0.015866 seconds 
========================================================================
Received Import Request.
  Time since last request: 18.776927 seconds.
  path: Assets/Scripts/PauseMenu1.cs
  artifactKey: Guid(de848df59c944da4e80955183a7a0e6c) Importer(815301076,1909f56bfc062723c751e8b465ee728b)
Start importing Assets/Scripts/PauseMenu1.cs using Guid(de848df59c944da4e80955183a7a0e6c) Importer(815301076,1909f56bfc062723c751e8b465ee728b)  -> (artifact id: '722d13cde0a24242530bff62df82ccd4') in 0.003067 seconds 
========================================================================
Received Import Request.
  Time since last request: 14.883799 seconds.
  path: Assets/Scripts/PauseMenu.cs
  artifactKey: Guid(de848df59c944da4e80955183a7a0e6c) Importer(815301076,1909f56bfc062723c751e8b465ee728b)
Start importing Assets/Scripts/PauseMenu.cs using Guid(de848df59c944da4e80955183a7a0e6c) Importer(815301076,1909f56bfc062723c751e8b465ee728b)  -> (artifact id: '376f353290a7f093bb07b361a52fe9ca') in 0.005859 seconds 
========================================================================
Received Import Request.
  Time since last request: 104.921607 seconds.
  path: Assets/Scripts/PauseMenu.cs
  artifactKey: Guid(de848df59c944da4e80955183a7a0e6c) Importer(815301076,1909f56bfc062723c751e8b465ee728b)
Start importing Assets/Scripts/PauseMenu.cs using Guid(de848df59c944da4e80955183a7a0e6c) Importer(815301076,1909f56bfc062723c751e8b465ee728b)  -> (artifact id: '5bb3baabae07d3f860bbfce4496fb614') in 0.004902 seconds 
========================================================================
Received Import Request.
  Time since last request: 119.755212 seconds.
  path: Assets/Scripts/PauseMenu.cs
  artifactKey: Guid(de848df59c944da4e80955183a7a0e6c) Importer(815301076,1909f56bfc062723c751e8b465ee728b)
Start importing Assets/Scripts/PauseMenu.cs using Guid(de848df59c944da4e80955183a7a0e6c) Importer(815301076,1909f56bfc062723c751e8b465ee728b)  -> (artifact id: '4460b4847c59904f849bf6039657f5de') in 0.017189 seconds 
========================================================================
Received Import Request.
  Time since last request: 44.208018 seconds.
  path: Assets/Scripts/PauseMenu.cs
  artifactKey: Guid(de848df59c944da4e80955183a7a0e6c) Importer(815301076,1909f56bfc062723c751e8b465ee728b)
Start importing Assets/Scripts/PauseMenu.cs using Guid(de848df59c944da4e80955183a7a0e6c) Importer(815301076,1909f56bfc062723c751e8b465ee728b)  -> (artifact id: '3c09c3007a31bdf8b64542b673ab626c') in 0.003922 seconds 
========================================================================
Received Import Request.
  Time since last request: 116.873249 seconds.
  path: Assets/Scripts/PauseMenu.cs
  artifactKey: Guid(de848df59c944da4e80955183a7a0e6c) Importer(815301076,1909f56bfc062723c751e8b465ee728b)
Start importing Assets/Scripts/PauseMenu.cs using Guid(de848df59c944da4e80955183a7a0e6c) Importer(815301076,1909f56bfc062723c751e8b465ee728b)  -> (artifact id: '5694af653890e00a82defacc4e29eee8') in 0.006213 seconds 
========================================================================
Received Import Request.
  Time since last request: 982.163023 seconds.
  path: Assets/Scripts/MenuController.cs
  artifactKey: Guid(c993f70b31a0de64da71f04ab8b62477) Importer(815301076,1909f56bfc062723c751e8b465ee728b)
Start importing Assets/Scripts/MenuController.cs using Guid(c993f70b31a0de64da71f04ab8b62477) Importer(815301076,1909f56bfc062723c751e8b465ee728b)  -> (artifact id: '75cd6c61b590bb7743d226955cfff158') in 0.013694 seconds 
========================================================================
Received Import Request.
  Time since last request: 515.222210 seconds.
  path: Assets/Scenes/SampleScene.unity
  artifactKey: Guid(9fc0d4010bbf28b4594072e72b8655ab) Importer(815301076,1909f56bfc062723c751e8b465ee728b)
Start importing Assets/Scenes/SampleScene.unity using Guid(9fc0d4010bbf28b4594072e72b8655ab) Importer(815301076,1909f56bfc062723c751e8b465ee728b)  -> (artifact id: '916ddb6ea44d2686ea36a4e8288dec07') in 0.014786 seconds 
========================================================================
Received Import Request.
  Time since last request: 335.316842 seconds.
  path: Assets/Scripts/PauseMenu.cs
  artifactKey: Guid(b7a1969e6d0d4b549915f70e035d6301) Importer(815301076,1909f56bfc062723c751e8b465ee728b)
Start importing Assets/Scripts/PauseMenu.cs using Guid(b7a1969e6d0d4b549915f70e035d6301) Importer(815301076,1909f56bfc062723c751e8b465ee728b)  -> (artifact id: '7aa7cc76c032fe49a948f741b83c42f5') in 0.008003 seconds 
========================================================================
Received Import Request.
  Time since last request: 17.567521 seconds.
  path: Assets/Scripts/PauseMenu.cs
  artifactKey: Guid(b7a1969e6d0d4b549915f70e035d6301) Importer(815301076,1909f56bfc062723c751e8b465ee728b)
Start importing Assets/Scripts/PauseMenu.cs using Guid(b7a1969e6d0d4b549915f70e035d6301) Importer(815301076,1909f56bfc062723c751e8b465ee728b)  -> (artifact id: '87f5ecc9f939233d12b8801c6bb38435') in 0.005938 seconds 
========================================================================
Received Import Request.
  Time since last request: 10.073578 seconds.
  path: Assets/Scripts/PauseMenu.cs
  artifactKey: Guid(b7a1969e6d0d4b549915f70e035d6301) Importer(815301076,1909f56bfc062723c751e8b465ee728b)
Start importing Assets/Scripts/PauseMenu.cs using Guid(b7a1969e6d0d4b549915f70e035d6301) Importer(815301076,1909f56bfc062723c751e8b465ee728b)  -> (artifact id: '705bb177b1ba61ea32d0e2f38ccc4bb1') in 0.044019 seconds 
========================================================================
Received Import Request.
  Time since last request: 47.577170 seconds.
  path: Assets/Scripts/PauseMenu.cs
  artifactKey: Guid(b7a1969e6d0d4b549915f70e035d6301) Importer(815301076,1909f56bfc062723c751e8b465ee728b)
Start importing Assets/Scripts/PauseMenu.cs using Guid(b7a1969e6d0d4b549915f70e035d6301) Importer(815301076,1909f56bfc062723c751e8b465ee728b)  -> (artifact id: '565f6e999fb2266bf87883ac02b0adad') in 0.002819 seconds 
========================================================================
Received Import Request.
  Time since last request: 68.598330 seconds.
  path: Assets/Scripts/MovementSystem.cs
  artifactKey: Guid(7c7efb2a6c54d7b4795548e3f715d6dc) Importer(815301076,1909f56bfc062723c751e8b465ee728b)
Start importing Assets/Scripts/MovementSystem.cs using Guid(7c7efb2a6c54d7b4795548e3f715d6dc) Importer(815301076,1909f56bfc062723c751e8b465ee728b)  -> (artifact id: 'ead6f51f79de69af5e8e80439c86fa39') in 0.012219 seconds 
========================================================================
Received Import Request.
  Time since last request: 0.632814 seconds.
  path: Assets/Scripts/PauseMenu.cs
  artifactKey: Guid(b7a1969e6d0d4b549915f70e035d6301) Importer(815301076,1909f56bfc062723c751e8b465ee728b)
Start importing Assets/Scripts/PauseMenu.cs using Guid(b7a1969e6d0d4b549915f70e035d6301) Importer(815301076,1909f56bfc062723c751e8b465ee728b)  -> (artifact id: '736193cfd10b32721580865b66e016ca') in 0.003405 seconds 
========================================================================
Received Import Request.
  Time since last request: 5.870069 seconds.
  path: Assets/Scripts/SceneSwitch.cs
  artifactKey: Guid(4f7b8cd9b4e378f4cb9874ada8f4b617) Importer(815301076,1909f56bfc062723c751e8b465ee728b)
Start importing Assets/Scripts/SceneSwitch.cs using Guid(4f7b8cd9b4e378f4cb9874ada8f4b617) Importer(815301076,1909f56bfc062723c751e8b465ee728b)  -> (artifact id: 'b29be7a32db95bab8405e69a78d1d193') in 0.014225 seconds 
========================================================================
Received Import Request.
  Time since last request: 153.753252 seconds.
  path: Assets/Scripts/ShowOnEscape.cs
  artifactKey: Guid(367fda8b771202745b2e92a42437a020) Importer(815301076,1909f56bfc062723c751e8b465ee728b)
Start importing Assets/Scripts/ShowOnEscape.cs using Guid(367fda8b771202745b2e92a42437a020) Importer(815301076,1909f56bfc062723c751e8b465ee728b)  -> (artifact id: '59192b266e58512a43263c21832474f1') in 0.013900 seconds 
========================================================================
Received Import Request.
  Time since last request: 28.445994 seconds.
  path: Assets/Scripts/ShowOnEscape.cs
  artifactKey: Guid(367fda8b771202745b2e92a42437a020) Importer(815301076,1909f56bfc062723c751e8b465ee728b)
Start importing Assets/Scripts/ShowOnEscape.cs using Guid(367fda8b771202745b2e92a42437a020) Importer(815301076,1909f56bfc062723c751e8b465ee728b)  -> (artifact id: '5ed7878f58e2f976588e078ecfcc87c4') in 0.076051 seconds 
========================================================================
Received Import Request.
  Time since last request: 45.009917 seconds.
  path: Assets/ShowOnEscape.cs
  artifactKey: Guid(858549a8e5fffc54392b8f8d1431b199) Importer(815301076,1909f56bfc062723c751e8b465ee728b)
Start importing Assets/ShowOnEscape.cs using Guid(858549a8e5fffc54392b8f8d1431b199) Importer(815301076,1909f56bfc062723c751e8b465ee728b)  -> (artifact id: '90795c231cae71006815dd25d442ac0e') in 0.003039 seconds 
========================================================================
Received Import Request.
  Time since last request: 76.202991 seconds.
  path: Assets/ShowOnEscape.cs
  artifactKey: Guid(858549a8e5fffc54392b8f8d1431b199) Importer(815301076,1909f56bfc062723c751e8b465ee728b)
Start importing Assets/ShowOnEscape.cs using Guid(858549a8e5fffc54392b8f8d1431b199) Importer(815301076,1909f56bfc062723c751e8b465ee728b)  -> (artifact id: 'b6d9aae902fbd7d0b569fab1a7be33cc') in 0.002632 seconds 
========================================================================
Received Import Request.
  Time since last request: 146.980435 seconds.
  path: Assets/ShowOnEscape.cs
  artifactKey: Guid(858549a8e5fffc54392b8f8d1431b199) Importer(815301076,1909f56bfc062723c751e8b465ee728b)
Start importing Assets/ShowOnEscape.cs using Guid(858549a8e5fffc54392b8f8d1431b199) Importer(815301076,1909f56bfc062723c751e8b465ee728b)  -> (artifact id: '3fc2fc116200a72f951cddeecd737bc0') in 0.004473 seconds 
========================================================================
Received Import Request.
  Time since last request: 30.548692 seconds.
  path: Assets/Scripts/GraphSearch.cs
  artifactKey: Guid(50b9dd9a7558b87418b8d9f4a811d6e3) Importer(815301076,1909f56bfc062723c751e8b465ee728b)
Start importing Assets/Scripts/GraphSearch.cs using Guid(50b9dd9a7558b87418b8d9f4a811d6e3) Importer(815301076,1909f56bfc062723c751e8b465ee728b)  -> (artifact id: '4fbcaa1b9335903c2c19a67e1bfb0b27') in 0.011861 seconds 
========================================================================
Received Import Request.
  Time since last request: 8.449071 seconds.
  path: Assets/Scripts/SelectionManager.cs
  artifactKey: Guid(ea103009c1cbc3d4e97e7ac7d4b8ed2f) Importer(815301076,1909f56bfc062723c751e8b465ee728b)
Start importing Assets/Scripts/SelectionManager.cs using Guid(ea103009c1cbc3d4e97e7ac7d4b8ed2f) Importer(815301076,1909f56bfc062723c751e8b465ee728b)  -> (artifact id: '93a8aeae84e3f2a171164762b3e70b0d') in 0.011193 seconds 
========================================================================
Received Import Request.
  Time since last request: 43.495151 seconds.
  path: Assets/PauseMenu.cs
  artifactKey: Guid(03e23b5de28c249459efb340ee0f3a48) Importer(815301076,1909f56bfc062723c751e8b465ee728b)
Start importing Assets/PauseMenu.cs using Guid(03e23b5de28c249459efb340ee0f3a48) Importer(815301076,1909f56bfc062723c751e8b465ee728b)  -> (artifact id: '57f717f7247b41d2cab1b54d64e3988d') in 0.003040 seconds 
========================================================================
Received Import Request.
  Time since last request: 46.882924 seconds.
  path: Assets/makbule/Crates_0
  artifactKey: Guid(a338eb3dd556cac47922146aa0b0059b) Importer(815301076,1909f56bfc062723c751e8b465ee728b)
Start importing Assets/makbule/Crates_0 using Guid(a338eb3dd556cac47922146aa0b0059b) Importer(815301076,1909f56bfc062723c751e8b465ee728b)  -> (artifact id: 'a614c32584fcff2df36b4cf0963bd191') in 0.013095 seconds 
========================================================================
Received Import Request.
  Time since last request: 1.903561 seconds.
  path: Assets/makbule/Crates_0/Crate_0
  artifactKey: Guid(b41b6be004fb18943be0c75f9a2b8996) Importer(815301076,1909f56bfc062723c751e8b465ee728b)
Start importing Assets/makbule/Crates_0/Crate_0 using Guid(b41b6be004fb18943be0c75f9a2b8996) Importer(815301076,1909f56bfc062723c751e8b465ee728b)  -> (artifact id: '3f48d0ce2635ba395203c9ec53583e75') in 0.013761 seconds 
========================================================================
Received Import Request.
  Time since last request: 5.733541 seconds.
  path: Assets/makbule/Crates_0/Crate_0/Materials
  artifactKey: Guid(4450d21aa6e11694cadf787afb23d3b4) Importer(815301076,1909f56bfc062723c751e8b465ee728b)
Start importing Assets/makbule/Crates_0/Crate_0/Materials using Guid(4450d21aa6e11694cadf787afb23d3b4) Importer(815301076,1909f56bfc062723c751e8b465ee728b)  -> (artifact id: '9157430fa1822439e9c5ea3b8bd61312') in 0.025856 seconds 
========================================================================
Received Import Request.
  Time since last request: 0.059849 seconds.
  path: Assets/makbule/Crates_0/Crate_0/Materials/Crate_0_0.mat
  artifactKey: Guid(1f07be7feee3ffc4093328dbdfdbc0be) Importer(815301076,1909f56bfc062723c751e8b465ee728b)
Start importing Assets/makbule/Crates_0/Crate_0/Materials/Crate_0_0.mat using Guid(1f07be7feee3ffc4093328dbdfdbc0be) Importer(815301076,1909f56bfc062723c751e8b465ee728b)  -> (artifact id: 'de62e8c2a8933b8d4667d671ed33d808') in 0.422012 seconds 
========================================================================
Received Import Request.
  Time since last request: 0.000031 seconds.
  path: Assets/makbule/Crates_0/Crate_0/Materials/Crate_0_8.mat
  artifactKey: Guid(ea556437601d48447b121775e669c148) Importer(815301076,1909f56bfc062723c751e8b465ee728b)
Start importing Assets/makbule/Crates_0/Crate_0/Materials/Crate_0_8.mat using Guid(ea556437601d48447b121775e669c148) Importer(815301076,1909f56bfc062723c751e8b465ee728b)  -> (artifact id: '0da7f6b02068120d23f474a86a58e1b7') in 0.035803 seconds 
========================================================================
Received Import Request.
  Time since last request: 0.000033 seconds.
  path: Assets/makbule/Crates_0/Crate_0/Materials/CreateCap_0_0.mat
  artifactKey: Guid(299a40614249a574db32808508a5989c) Importer(815301076,1909f56bfc062723c751e8b465ee728b)
Start importing Assets/makbule/Crates_0/Crate_0/Materials/CreateCap_0_0.mat using Guid(299a40614249a574db32808508a5989c) Importer(815301076,1909f56bfc062723c751e8b465ee728b)  -> (artifact id: '280f280c22c20b8f5519070ba0464fbf') in 0.023698 seconds 
========================================================================
Received Import Request.
  Time since last request: 0.000019 seconds.
  path: Assets/makbule/Crates_0/Crate_0/Materials/Crate_0_10.mat
  artifactKey: Guid(633f843d98a12574384d8a0f61b6e7bc) Importer(815301076,1909f56bfc062723c751e8b465ee728b)
Start importing Assets/makbule/Crates_0/Crate_0/Materials/Crate_0_10.mat using Guid(633f843d98a12574384d8a0f61b6e7bc) Importer(815301076,1909f56bfc062723c751e8b465ee728b)  -> (artifact id: '97636b78b591c554ca413d91ab999df3') in 0.033480 seconds 
========================================================================
Received Import Request.
  Time since last request: 0.000025 seconds.
  path: Assets/makbule/Crates_0/Crate_0/Materials/CreateCap_0_11.mat
  artifactKey: Guid(03111d7c8c2c12d43b1d0d486bd64bce) Importer(815301076,1909f56bfc062723c751e8b465ee728b)
Start importing Assets/makbule/Crates_0/Crate_0/Materials/CreateCap_0_11.mat using Guid(03111d7c8c2c12d43b1d0d486bd64bce) Importer(815301076,1909f56bfc062723c751e8b465ee728b)  -> (artifact id: 'cd5020fd0d0fc1b74d03e0fd3ae95243') in 0.021910 seconds 
========================================================================
Received Import Request.
  Time since last request: 0.000021 seconds.
  path: Assets/makbule/Crates_0/Crate_0/Materials/Crate_0_11.mat
  artifactKey: Guid(3fd9df139229ee849a322e16ed4f3d5d) Importer(815301076,1909f56bfc062723c751e8b465ee728b)
Start importing Assets/makbule/Crates_0/Crate_0/Materials/Crate_0_11.mat using Guid(3fd9df139229ee849a322e16ed4f3d5d) Importer(815301076,1909f56bfc062723c751e8b465ee728b)  -> (artifact id: 'aee8e4f27d2ca2b40e7ff29d259083b7') in 0.033756 seconds 
========================================================================
Received Import Request.
  Time since last request: 0.000030 seconds.
  path: Assets/makbule/Crates_0/Crate_0/Materials/CreateCap_0_2.mat
  artifactKey: Guid(2e82a68cba232ff4683abb2a98ffa2cc) Importer(815301076,1909f56bfc062723c751e8b465ee728b)
Start importing Assets/makbule/Crates_0/Crate_0/Materials/CreateCap_0_2.mat using Guid(2e82a68cba232ff4683abb2a98ffa2cc) Importer(815301076,1909f56bfc062723c751e8b465ee728b)  -> (artifact id: '2db97c51302d2770f757899962415c82') in 0.021367 seconds 
========================================================================
Received Import Request.
  Time since last request: 0.000030 seconds.
  path: Assets/makbule/Crates_0/Crate_0/Materials/Crate_0_3.mat
  artifactKey: Guid(37df339885d1f9543a57c21071f09c77) Importer(815301076,1909f56bfc062723c751e8b465ee728b)
Start importing Assets/makbule/Crates_0/Crate_0/Materials/Crate_0_3.mat using Guid(37df339885d1f9543a57c21071f09c77) Importer(815301076,1909f56bfc062723c751e8b465ee728b)  -> (artifact id: 'b60bd8389a2128ae962463d4e89504c8') in 0.031919 seconds 
========================================================================
Received Import Request.
  Time since last request: 0.000029 seconds.
  path: Assets/makbule/Crates_0/Crate_0/Materials/Crate_0_6.mat
  artifactKey: Guid(a16d0a53d34105a47b68d1c948114443) Importer(815301076,1909f56bfc062723c751e8b465ee728b)
Start importing Assets/makbule/Crates_0/Crate_0/Materials/Crate_0_6.mat using Guid(a16d0a53d34105a47b68d1c948114443) Importer(815301076,1909f56bfc062723c751e8b465ee728b)  -> (artifact id: '0be4ab3f45e590355a721fff63a82a37') in 0.045887 seconds 
========================================================================
Received Import Request.
  Time since last request: 0.000031 seconds.
  path: Assets/makbule/Crates_0/Crate_0/Materials/CreateCap_0_6.mat
  artifactKey: Guid(b714933561630154bafcf68f4fab2e2b) Importer(815301076,1909f56bfc062723c751e8b465ee728b)
Start importing Assets/makbule/Crates_0/Crate_0/Materials/CreateCap_0_6.mat using Guid(b714933561630154bafcf68f4fab2e2b) Importer(815301076,1909f56bfc062723c751e8b465ee728b)  -> (artifact id: '1741bbd22723ac3884251992eeffff18') in 0.021156 seconds 
========================================================================
Received Import Request.
  Time since last request: 0.000021 seconds.
  path: Assets/makbule/Crates_0/Crate_0/Materials/Crate_0_4.mat
  artifactKey: Guid(ab7976edc6238ee4aa5aae35e5c4d9df) Importer(815301076,1909f56bfc062723c751e8b465ee728b)
Start importing Assets/makbule/Crates_0/Crate_0/Materials/Crate_0_4.mat using Guid(ab7976edc6238ee4aa5aae35e5c4d9df) Importer(815301076,1909f56bfc062723c751e8b465ee728b)  -> (artifact id: 'f3fc3911d10102b7d79304961364891b') in 0.244148 seconds 
========================================================================
Received Import Request.
  Time since last request: 0.000029 seconds.
  path: Assets/makbule/Crates_0/Crate_0/Materials/CreateCap_0_5.mat
  artifactKey: Guid(2cb27040ad843ae4589da20ab6123ede) Importer(815301076,1909f56bfc062723c751e8b465ee728b)
Start importing Assets/makbule/Crates_0/Crate_0/Materials/CreateCap_0_5.mat using Guid(2cb27040ad843ae4589da20ab6123ede) Importer(815301076,1909f56bfc062723c751e8b465ee728b)  -> (artifact id: '2d11abb0a36693a67c4b42c668e18236') in 0.026746 seconds 
========================================================================
Received Import Request.
  Time since last request: 0.000029 seconds.
  path: Assets/makbule/Crates_0/Crate_0/Materials/Crate_0_7.mat
  artifactKey: Guid(ddf528c5719d6384bbbab781df9bb6df) Importer(815301076,1909f56bfc062723c751e8b465ee728b)
Start importing Assets/makbule/Crates_0/Crate_0/Materials/Crate_0_7.mat using Guid(ddf528c5719d6384bbbab781df9bb6df) Importer(815301076,1909f56bfc062723c751e8b465ee728b)  -> (artifact id: '532c593ca66e81d0b4adaac262e49235') in 0.032899 seconds 
========================================================================
Received Import Request.
  Time since last request: 0.000022 seconds.
  path: Assets/makbule/Crates_0/Crate_0/Materials/CreateCap_0_8.mat
  artifactKey: Guid(d1112bdab2df57040a04491cde4a72f5) Importer(815301076,1909f56bfc062723c751e8b465ee728b)
Start importing Assets/makbule/Crates_0/Crate_0/Materials/CreateCap_0_8.mat using Guid(d1112bdab2df57040a04491cde4a72f5) Importer(815301076,1909f56bfc062723c751e8b465ee728b)  -> (artifact id: 'e7d82d8c9aadf3cb8a03d3e25a2b2f40') in 0.022137 seconds 
========================================================================
Received Import Request.
  Time since last request: 0.000019 seconds.
  path: Assets/makbule/Crates_0/Crate_0/Materials/Crate_0_1.mat
  artifactKey: Guid(9c69dd9476f37c64aaadebd1f05a9ab9) Importer(815301076,1909f56bfc062723c751e8b465ee728b)
Start importing Assets/makbule/Crates_0/Crate_0/Materials/Crate_0_1.mat using Guid(9c69dd9476f37c64aaadebd1f05a9ab9) Importer(815301076,1909f56bfc062723c751e8b465ee728b)  -> (artifact id: '50700f5493d0c2b7cf59dc5352d28509') in 0.037944 seconds 
========================================================================
Received Import Request.
  Time since last request: 0.000023 seconds.
  path: Assets/makbule/Crates_0/Crate_0/Materials/Crate_0_9.mat
  artifactKey: Guid(850b76d142d897247a5e72f9924bfccb) Importer(815301076,1909f56bfc062723c751e8b465ee728b)
Start importing Assets/makbule/Crates_0/Crate_0/Materials/Crate_0_9.mat using Guid(850b76d142d897247a5e72f9924bfccb) Importer(815301076,1909f56bfc062723c751e8b465ee728b)  -> (artifact id: 'be7dc78e7bd16dc57c7810854aaad88f') in 0.031558 seconds 
========================================================================
Received Import Request.
  Time since last request: 0.000020 seconds.
  path: Assets/makbule/Crates_0/Crate_0/Materials/CreateCap_0_7.mat
  artifactKey: Guid(5335d5f49a39d6f45b0e123db9bb4bd5) Importer(815301076,1909f56bfc062723c751e8b465ee728b)
Start importing Assets/makbule/Crates_0/Crate_0/Materials/CreateCap_0_7.mat using Guid(5335d5f49a39d6f45b0e123db9bb4bd5) Importer(815301076,1909f56bfc062723c751e8b465ee728b)  -> (artifact id: 'd7205bec9f66d0fa941ae1eeb08a60d6') in 0.044064 seconds 
========================================================================
Received Import Request.
  Time since last request: 0.000022 seconds.
  path: Assets/makbule/Crates_0/Crate_0/Materials/CreateCap_0_3.mat
  artifactKey: Guid(6403cfff1b3c24743a72e770ccb87669) Importer(815301076,1909f56bfc062723c751e8b465ee728b)
Start importing Assets/makbule/Crates_0/Crate_0/Materials/CreateCap_0_3.mat using Guid(6403cfff1b3c24743a72e770ccb87669) Importer(815301076,1909f56bfc062723c751e8b465ee728b)  -> (artifact id: '3d99c086793c3af614831face00f076d') in 0.216648 seconds 
========================================================================
Received Import Request.
  Time since last request: 0.000045 seconds.
  path: Assets/makbule/Crates_0/Crate_0/Materials/CreateCap_0_10.mat
  artifactKey: Guid(3ec7be98ab0d1fd40acea862d6cc51ea) Importer(815301076,1909f56bfc062723c751e8b465ee728b)
Start importing Assets/makbule/Crates_0/Crate_0/Materials/CreateCap_0_10.mat using Guid(3ec7be98ab0d1fd40acea862d6cc51ea) Importer(815301076,1909f56bfc062723c751e8b465ee728b)  -> (artifact id: '384ae5ea9b86dbd37ff780181d9dad2c') in 0.028584 seconds 
========================================================================
Received Import Request.
  Time since last request: 0.000025 seconds.
  path: Assets/makbule/Crates_0/Crate_0/Materials/CreateCap_0_1.mat
  artifactKey: Guid(cccdcae7b3efff345b9a40a95ed4a8e3) Importer(815301076,1909f56bfc062723c751e8b465ee728b)
Start importing Assets/makbule/Crates_0/Crate_0/Materials/CreateCap_0_1.mat using Guid(cccdcae7b3efff345b9a40a95ed4a8e3) Importer(815301076,1909f56bfc062723c751e8b465ee728b)  -> (artifact id: '7f4126e013fe1bc44cdecc3e6ab5e857') in 0.026866 seconds 
========================================================================
Received Import Request.
  Time since last request: 0.000023 seconds.
  path: Assets/makbule/Crates_0/Crate_0/Materials/CreateCap_0_9.mat
  artifactKey: Guid(9fc5bc9411c0f454aa3f2ca926d7bc71) Importer(815301076,1909f56bfc062723c751e8b465ee728b)
Start importing Assets/makbule/Crates_0/Crate_0/Materials/CreateCap_0_9.mat using Guid(9fc5bc9411c0f454aa3f2ca926d7bc71) Importer(815301076,1909f56bfc062723c751e8b465ee728b)  -> (artifact id: '9ff0f81563430989c1a87f6238ad11aa') in 0.034932 seconds 
========================================================================
Received Import Request.
  Time since last request: 0.000022 seconds.
  path: Assets/makbule/Crates_0/Crate_0/Materials/Crate_0_2.mat
  artifactKey: Guid(f0e2b14d1ce46714daa60780df5f6ec4) Importer(815301076,1909f56bfc062723c751e8b465ee728b)
Start importing Assets/makbule/Crates_0/Crate_0/Materials/Crate_0_2.mat using Guid(f0e2b14d1ce46714daa60780df5f6ec4) Importer(815301076,1909f56bfc062723c751e8b465ee728b)  -> (artifact id: '79dfb9726624be725a0c9cfb7664ecf8') in 0.035184 seconds 
========================================================================
Received Import Request.
  Time since last request: 0.000022 seconds.
  path: Assets/makbule/Crates_0/Crate_0/Materials/CreateCap_0_4.mat
  artifactKey: Guid(4b0de95edeba03d40b364de0d52a1a9c) Importer(815301076,1909f56bfc062723c751e8b465ee728b)
Start importing Assets/makbule/Crates_0/Crate_0/Materials/CreateCap_0_4.mat using Guid(4b0de95edeba03d40b364de0d52a1a9c) Importer(815301076,1909f56bfc062723c751e8b465ee728b)  -> (artifact id: 'ae16ad2b5c1c53ebf5a44cfa9eb9725e') in 0.022748 seconds 
========================================================================
Received Import Request.
  Time since last request: 0.000019 seconds.
  path: Assets/makbule/Crates_0/Crate_0/Materials/Crate_0_5.mat
  artifactKey: Guid(b106cfc31a3e184459d5768e7d1233a9) Importer(815301076,1909f56bfc062723c751e8b465ee728b)
Start importing Assets/makbule/Crates_0/Crate_0/Materials/Crate_0_5.mat using Guid(b106cfc31a3e184459d5768e7d1233a9) Importer(815301076,1909f56bfc062723c751e8b465ee728b)  -> (artifact id: '172083ed03268b4e1a4b5ffd9238f267') in 0.034972 seconds 
========================================================================
Received Import Request.
  Time since last request: 20.348955 seconds.
  path: Assets/makbule/Crates_0/Scene
  artifactKey: Guid(db7b31d6a19f91040b2ea86a8908451c) Importer(815301076,1909f56bfc062723c751e8b465ee728b)
Start importing Assets/makbule/Crates_0/Scene using Guid(db7b31d6a19f91040b2ea86a8908451c) Importer(815301076,1909f56bfc062723c751e8b465ee728b)  -> (artifact id: '9a0534e8004eb82e85322d3ee9f92463') in 0.014518 seconds 
========================================================================
Received Import Request.
  Time since last request: 0.672858 seconds.
  path: Assets/makbule/Crates_0/Scene/SkyBox.mat
  artifactKey: Guid(84b30338b9503c54995d7fd3f6375bf9) Importer(815301076,1909f56bfc062723c751e8b465ee728b)
Start importing Assets/makbule/Crates_0/Scene/SkyBox.mat using Guid(84b30338b9503c54995d7fd3f6375bf9) Importer(815301076,1909f56bfc062723c751e8b465ee728b)  -> (artifact id: '1dc4b19b90f517665c4c59c9f9b4d4fe') in 0.103405 seconds 
========================================================================
Received Import Request.
  Time since last request: 1.293171 seconds.
  path: Assets/makbule/Crates_0/Scene/Scripts
  artifactKey: Guid(ebec7fa9033de594488707cb21b6a8df) Importer(815301076,1909f56bfc062723c751e8b465ee728b)
Start importing Assets/makbule/Crates_0/Scene/Scripts using Guid(ebec7fa9033de594488707cb21b6a8df) Importer(815301076,1909f56bfc062723c751e8b465ee728b)  -> (artifact id: '007951dba0f90b8ec810acab490aaa37') in 0.003435 seconds 
========================================================================
Received Import Request.
  Time since last request: 23.888978 seconds.
  path: Assets/makbule/Low Poly Trim Sheet Asset Collection
  artifactKey: Guid(36120fe6bc859384d879ab775e324a7d) Importer(815301076,1909f56bfc062723c751e8b465ee728b)
Start importing Assets/makbule/Low Poly Trim Sheet Asset Collection using Guid(36120fe6bc859384d879ab775e324a7d) Importer(815301076,1909f56bfc062723c751e8b465ee728b)  -> (artifact id: '1f6c6eb31dda3295ec75edb83c827a2c') in 0.013057 seconds 
========================================================================
Received Import Request.
  Time since last request: 8.339916 seconds.
  path: Assets/makbule/Low Poly Trim Sheet Asset Collection/TrimSheet_Materials
  artifactKey: Guid(3e8d4ac03036cea44b0d11438538f3b9) Importer(815301076,1909f56bfc062723c751e8b465ee728b)
Start importing Assets/makbule/Low Poly Trim Sheet Asset Collection/TrimSheet_Materials using Guid(3e8d4ac03036cea44b0d11438538f3b9) Importer(815301076,1909f56bfc062723c751e8b465ee728b)  -> (artifact id: '75d8f36567abb23946f7fc3439eb024e') in 0.012613 seconds 
========================================================================
Received Import Request.
  Time since last request: 0.963166 seconds.
  path: Assets/makbule/Low Poly Trim Sheet Asset Collection/TrimSheet_Models
  artifactKey: Guid(9af0fe001d6e5ce48b82701856458ffa) Importer(815301076,1909f56bfc062723c751e8b465ee728b)
Start importing Assets/makbule/Low Poly Trim Sheet Asset Collection/TrimSheet_Models using Guid(9af0fe001d6e5ce48b82701856458ffa) Importer(815301076,1909f56bfc062723c751e8b465ee728b)  -> (artifact id: 'f0fbb5b36604a8086f6365eabf35c988') in 0.019014 seconds 
========================================================================
Received Import Request.
  Time since last request: 0.986774 seconds.
  path: Assets/makbule/Low Poly Trim Sheet Asset Collection/TrimSheet_Materials/Trimsheet_Sandstone.mat
  artifactKey: Guid(667b7c8c04d7fd34ab37020e0413af41) Importer(815301076,1909f56bfc062723c751e8b465ee728b)
Start importing Assets/makbule/Low Poly Trim Sheet Asset Collection/TrimSheet_Materials/Trimsheet_Sandstone.mat using Guid(667b7c8c04d7fd34ab37020e0413af41) Importer(815301076,1909f56bfc062723c751e8b465ee728b)  -> (artifact id: 'e0c28e0e1847c014474464c45f26b500') in 0.246098 seconds 
========================================================================
Received Import Request.
  Time since last request: 2.474540 seconds.
  path: Assets/makbule/Low Poly Trim Sheet Asset Collection/TrimSheet_Prefabs
  artifactKey: Guid(3914d03bfab3b1c49b6f7b9e790e697d) Importer(815301076,1909f56bfc062723c751e8b465ee728b)
Start importing Assets/makbule/Low Poly Trim Sheet Asset Collection/TrimSheet_Prefabs using Guid(3914d03bfab3b1c49b6f7b9e790e697d) Importer(815301076,1909f56bfc062723c751e8b465ee728b)  -> (artifact id: '87c8db2c222f17999f35b1ab8896ecfc') in 0.013815 seconds 
========================================================================
Received Import Request.
  Time since last request: 1.960694 seconds.
  path: Assets/makbule/Low Poly Trim Sheet Asset Collection/TrimSheet_Prefabs/Fountain.prefab
  artifactKey: Guid(229a83fb4ad19df479039e5e5c08a989) Importer(815301076,1909f56bfc062723c751e8b465ee728b)
Start importing Assets/makbule/Low Poly Trim Sheet Asset Collection/TrimSheet_Prefabs/Fountain.prefab using Guid(229a83fb4ad19df479039e5e5c08a989) Importer(815301076,1909f56bfc062723c751e8b465ee728b)  -> (artifact id: 'b07792be6313eb013ee2b35065189b55') in 0.052432 seconds 
========================================================================
Received Import Request.
  Time since last request: 0.000023 seconds.
  path: Assets/makbule/Low Poly Trim Sheet Asset Collection/TrimSheet_Prefabs/PillarDeco.prefab
  artifactKey: Guid(3ac21531f95352a48b3f5dd06df5f60f) Importer(815301076,1909f56bfc062723c751e8b465ee728b)
Start importing Assets/makbule/Low Poly Trim Sheet Asset Collection/TrimSheet_Prefabs/PillarDeco.prefab using Guid(3ac21531f95352a48b3f5dd06df5f60f) Importer(815301076,1909f56bfc062723c751e8b465ee728b)  -> (artifact id: 'a215a44abc11663f88634397c2843770') in 0.025028 seconds 
========================================================================
Received Import Request.
  Time since last request: 0.000064 seconds.
  path: Assets/makbule/Low Poly Trim Sheet Asset Collection/TrimSheet_Prefabs/Platform.prefab
  artifactKey: Guid(21df93da4a4b5d745870da5e8c77f9a7) Importer(815301076,1909f56bfc062723c751e8b465ee728b)
Start importing Assets/makbule/Low Poly Trim Sheet Asset Collection/TrimSheet_Prefabs/Platform.prefab using Guid(21df93da4a4b5d745870da5e8c77f9a7) Importer(815301076,1909f56bfc062723c751e8b465ee728b)  -> (artifact id: '612c6ca7c2134803a941865254224f31') in 0.027383 seconds 
========================================================================
Received Import Request.
  Time since last request: 0.000031 seconds.
  path: Assets/makbule/Low Poly Trim Sheet Asset Collection/TrimSheet_Prefabs/Rail.prefab
  artifactKey: Guid(c1c41a726e706b5418bad140fa369924) Importer(815301076,1909f56bfc062723c751e8b465ee728b)
Start importing Assets/makbule/Low Poly Trim Sheet Asset Collection/TrimSheet_Prefabs/Rail.prefab using Guid(c1c41a726e706b5418bad140fa369924) Importer(815301076,1909f56bfc062723c751e8b465ee728b)  -> (artifact id: '04e9a74ba49ac88bfdbff9aba46e6f7b') in 0.026693 seconds 
========================================================================
Received Import Request.
  Time since last request: 0.000028 seconds.
  path: Assets/makbule/Low Poly Trim Sheet Asset Collection/TrimSheet_Prefabs/Pillar.prefab
  artifactKey: Guid(5c29349ab11305a44ac3f7a950788eda) Importer(815301076,1909f56bfc062723c751e8b465ee728b)
Start importing Assets/makbule/Low Poly Trim Sheet Asset Collection/TrimSheet_Prefabs/Pillar.prefab using Guid(5c29349ab11305a44ac3f7a950788eda) Importer(815301076,1909f56bfc062723c751e8b465ee728b)  -> (artifact id: 'a322c8e1a353cf49464cb0c623b18b1a') in 0.030092 seconds 
========================================================================
Received Import Request.
  Time since last request: 0.000028 seconds.
  path: Assets/makbule/Low Poly Trim Sheet Asset Collection/TrimSheet_Prefabs/Vase.prefab
  artifactKey: Guid(8a1809528f9683f4a89be8640bce842d) Importer(815301076,1909f56bfc062723c751e8b465ee728b)
Start importing Assets/makbule/Low Poly Trim Sheet Asset Collection/TrimSheet_Prefabs/Vase.prefab using Guid(8a1809528f9683f4a89be8640bce842d) Importer(815301076,1909f56bfc062723c751e8b465ee728b)  -> (artifact id: 'ef243ed09a13c76439a6002ab30c302a') in 0.028732 seconds 
========================================================================
Received Import Request.
  Time since last request: 22.881904 seconds.
  path: Assets/makbule/Low Poly Missile Laucher
  artifactKey: Guid(ef5900a5b70898042abcf72c447e463e) Importer(815301076,1909f56bfc062723c751e8b465ee728b)
Start importing Assets/makbule/Low Poly Missile Laucher using Guid(ef5900a5b70898042abcf72c447e463e) Importer(815301076,1909f56bfc062723c751e8b465ee728b)  -> (artifact id: '16db9136538c24a1fdc347f7dc048c84') in 0.014673 seconds 
========================================================================
Received Import Request.
  Time since last request: 2.869399 seconds.
  path: Assets/makbule/low poly pack
  artifactKey: Guid(6194d0afa95e5a949be26b376c93056d) Importer(815301076,1909f56bfc062723c751e8b465ee728b)
Start importing Assets/makbule/low poly pack using Guid(6194d0afa95e5a949be26b376c93056d) Importer(815301076,1909f56bfc062723c751e8b465ee728b)  -> (artifact id: '69736294651d354cba6f984ce81ea191') in 0.013370 seconds 
========================================================================
Received Import Request.
  Time since last request: 2.466343 seconds.
  path: Assets/makbule/Low Poly Powerups
  artifactKey: Guid(3a51eb21e2ef2db469dbb9b31a717852) Importer(815301076,1909f56bfc062723c751e8b465ee728b)
Start importing Assets/makbule/Low Poly Powerups using Guid(3a51eb21e2ef2db469dbb9b31a717852) Importer(815301076,1909f56bfc062723c751e8b465ee728b)  -> (artifact id: '4262d1d9c6d92c800c18ad785b44ad92') in 0.013563 seconds 
========================================================================
Received Import Request.
  Time since last request: 4.743605 seconds.
  path: Assets/makbule/Low Poly Free Vegetation Kit
  artifactKey: Guid(760244ec0c54001488e8aa83c4909d9f) Importer(815301076,1909f56bfc062723c751e8b465ee728b)
Start importing Assets/makbule/Low Poly Free Vegetation Kit using Guid(760244ec0c54001488e8aa83c4909d9f) Importer(815301076,1909f56bfc062723c751e8b465ee728b)  -> (artifact id: 'efec40ef4a3de4ac12dd1ed1d56e1475') in 0.011193 seconds 
========================================================================
Received Import Request.
  Time since last request: 9.838445 seconds.
  path: Assets/makbule/Low Poly Trim Sheet Asset Collection/TrimSheetDemoScene.unity
  artifactKey: Guid(2d1a8f92f171c5240a2d149020049797) Importer(815301076,1909f56bfc062723c751e8b465ee728b)
Start importing Assets/makbule/Low Poly Trim Sheet Asset Collection/TrimSheetDemoScene.unity using Guid(2d1a8f92f171c5240a2d149020049797) Importer(815301076,1909f56bfc062723c751e8b465ee728b)  -> (artifact id: '281dbd30256615f62446b137719cc6ca') in 0.028766 seconds 
========================================================================
Received Import Request.
  Time since last request: 10.239113 seconds.
  path: Assets/makbule/Low Poly Trim Sheet Asset Collection/DemoSceneAssets
  artifactKey: Guid(c4e22e5fb0425ae46af5ec919dd740c8) Importer(815301076,1909f56bfc062723c751e8b465ee728b)
Start importing Assets/makbule/Low Poly Trim Sheet Asset Collection/DemoSceneAssets using Guid(c4e22e5fb0425ae46af5ec919dd740c8) Importer(815301076,1909f56bfc062723c751e8b465ee728b)  -> (artifact id: '6fec0bd0260cafb196848f3090d89b49') in 0.013779 seconds 
========================================================================
Received Import Request.
  Time since last request: 10.095338 seconds.
  path: Assets/makbule/Low Poly Trim Sheet Asset Collection/DemoSceneAssets/Ground.mat
  artifactKey: Guid(cbd2f920696d25e459b78c934f0eaf26) Importer(815301076,1909f56bfc062723c751e8b465ee728b)
Start importing Assets/makbule/Low Poly Trim Sheet Asset Collection/DemoSceneAssets/Ground.mat using Guid(cbd2f920696d25e459b78c934f0eaf26) Importer(815301076,1909f56bfc062723c751e8b465ee728b)  -> (artifact id: '77143fed2e1a90b6e13d6c2e15eb9a2b') in 0.217601 seconds 
========================================================================
Received Import Request.
  Time since last request: 1.248077 seconds.
  path: Assets/makbule/Low Poly Trim Sheet Asset Collection/DemoSceneAssets/DemoSceneScripts
  artifactKey: Guid(71bfdc458f208f748920becd4a5e3e29) Importer(815301076,1909f56bfc062723c751e8b465ee728b)
Start importing Assets/makbule/Low Poly Trim Sheet Asset Collection/DemoSceneAssets/DemoSceneScripts using Guid(71bfdc458f208f748920becd4a5e3e29) Importer(815301076,1909f56bfc062723c751e8b465ee728b)  -> (artifact id: 'ffbec92ca9168eef0233409f7e34bf48') in 0.013001 seconds 
========================================================================
Received Import Request.
  Time since last request: 0.900823 seconds.
  path: Assets/makbule/Low Poly Trim Sheet Asset Collection/DemoSceneAssets/DemoSceneScripts/DemoCameraMovement.cs
  artifactKey: Guid(7a32c4507a9716946b2a14d2a86b2f37) Importer(815301076,1909f56bfc062723c751e8b465ee728b)
Start importing Assets/makbule/Low Poly Trim Sheet Asset Collection/DemoSceneAssets/DemoSceneScripts/DemoCameraMovement.cs using Guid(7a32c4507a9716946b2a14d2a86b2f37) Importer(815301076,1909f56bfc062723c751e8b465ee728b)  -> (artifact id: 'a8534dff0482ca2f64f47c0a0d5ab561') in 0.010954 seconds 
