Using pre-set license
Built from '2021.3/staging' branch; Version is '2021.3.25f1 (68ef2c4f8861) revision 6876972'; Using compiler version '192829333'; Build Type 'Release'
OS: 'Windows 10  (10.0.19045) 64bit Professional' Language: 'en' Physical Memory: 16343 MB
BatchMode: 1, IsHumanControllingUs: 0, StartBugReporterOnCrash: 0, Is64bit: 1, IsPro: 1

COMMAND LINE ARGUMENTS:
D:\MECHANICAL ENGINEERING SOFTWARE\Unity Hub\2021.3.25f1\Editor\Unity.exe
-adb2
-batchMode
-noUpm
-name
AssetImportWorker0
-projectPath
D:/UNITY EĞİTİMLERİ/GİTHUB/OUABootcampTeam-U139/Turn Base Movement
-logFile
Logs/AssetImportWorker0.log
-srvPort
62061
Successfully changed project path to: D:/UNITY EĞİTİMLERİ/GİTHUB/OUABootcampTeam-U139/Turn Base Movement
D:/UNITY EĞİTİMLERİ/GİTHUB/OUABootcampTeam-U139/Turn Base Movement
[UnityMemory] Configuration Parameters - Can be set up in boot.config
    "memorysetup-bucket-allocator-granularity=16"
    "memorysetup-bucket-allocator-bucket-count=8"
    "memorysetup-bucket-allocator-block-size=33554432"
    "memorysetup-bucket-allocator-block-count=8"
    "memorysetup-main-allocator-block-size=16777216"
    "memorysetup-thread-allocator-block-size=16777216"
    "memorysetup-gfx-main-allocator-block-size=16777216"
    "memorysetup-gfx-thread-allocator-block-size=16777216"
    "memorysetup-cache-allocator-block-size=4194304"
    "memorysetup-typetree-allocator-block-size=2097152"
    "memorysetup-profiler-bucket-allocator-granularity=16"
    "memorysetup-profiler-bucket-allocator-bucket-count=8"
    "memorysetup-profiler-bucket-allocator-block-size=33554432"
    "memorysetup-profiler-bucket-allocator-block-count=8"
    "memorysetup-profiler-allocator-block-size=16777216"
    "memorysetup-profiler-editor-allocator-block-size=1048576"
    "memorysetup-temp-allocator-size-main=16777216"
    "memorysetup-job-temp-allocator-block-size=2097152"
    "memorysetup-job-temp-allocator-block-size-background=1048576"
    "memorysetup-job-temp-allocator-reduction-small-platforms=262144"
    "memorysetup-temp-allocator-size-background-worker=32768"
    "memorysetup-temp-allocator-size-job-worker=262144"
    "memorysetup-temp-allocator-size-preload-manager=33554432"
    "memorysetup-temp-allocator-size-nav-mesh-worker=65536"
    "memorysetup-temp-allocator-size-audio-worker=65536"
    "memorysetup-temp-allocator-size-cloud-worker=32768"
    "memorysetup-temp-allocator-size-gi-baking-worker=262144"
    "memorysetup-temp-allocator-size-gfx=262144"
Player connection [10032] Host "[IP] 192.168.1.8 [Port] 0 [Flags] 2 [Guid] 2658425972 [EditorId] 2658425972 [Version] 1048832 [Id] WindowsEditor(7,DESKTOP-81FTCB6) [Debug] 1 [PackageName] WindowsEditor [ProjectName] Editor" joined multi-casting on [225.0.0.222:54997]...

Player connection [10032] Host "[IP] 192.168.1.8 [Port] 0 [Flags] 2 [Guid] 2658425972 [EditorId] 2658425972 [Version] 1048832 [Id] WindowsEditor(7,DESKTOP-81FTCB6) [Debug] 1 [PackageName] WindowsEditor [ProjectName] Editor" joined alternative multi-casting on [225.0.0.222:34997]...

Refreshing native plugins compatible for Editor in 132.23 ms, found 3 plugins.
Preloading 0 native plugins for Editor in 0.00 ms.
Initialize engine version: 2021.3.25f1 (68ef2c4f8861)
[Subsystems] Discovering subsystems at path D:/MECHANICAL ENGINEERING SOFTWARE/Unity Hub/2021.3.25f1/Editor/Data/Resources/UnitySubsystems
[Subsystems] Discovering subsystems at path D:/UNITY EĞİTİMLERİ/GİTHUB/OUABootcampTeam-U139/Turn Base Movement/Assets
GfxDevice: creating device client; threaded=0; jobified=0
Direct3D:
    Version:  Direct3D 11.0 [level 11.1]
    Renderer: NVIDIA GeForce GTX 1070 (ID=0x1b81)
    Vendor:   NVIDIA
    VRAM:     8088 MB
    Driver:   31.0.15.1694
Initialize mono
Mono path[0] = 'D:/MECHANICAL ENGINEERING SOFTWARE/Unity Hub/2021.3.25f1/Editor/Data/Managed'
Mono path[1] = 'D:/MECHANICAL ENGINEERING SOFTWARE/Unity Hub/2021.3.25f1/Editor/Data/MonoBleedingEdge/lib/mono/unityjit-win32'
Mono config path = 'D:/MECHANICAL ENGINEERING SOFTWARE/Unity Hub/2021.3.25f1/Editor/Data/MonoBleedingEdge/etc'
Using monoOptions --debugger-agent=transport=dt_socket,embedding=1,server=y,suspend=n,address=127.0.0.1:56688
Begin MonoManager ReloadAssembly
Registering precompiled unity dll's ...
Register platform support module: D:/MECHANICAL ENGINEERING SOFTWARE/Unity Hub/2021.3.25f1/Editor/Data/PlaybackEngines/WindowsStandaloneSupport/UnityEditor.WindowsStandalone.Extensions.dll
Registered in 0.003221 seconds.
Native extension for WindowsStandalone target not found
Refreshing native plugins compatible for Editor in 124.54 ms, found 3 plugins.
Preloading 0 native plugins for Editor in 0.00 ms.
Mono: successfully reloaded assembly
- Completed reload, in  0.722 seconds
Domain Reload Profiling:
	ReloadAssembly (723ms)
		BeginReloadAssembly (110ms)
			ExecutionOrderSort (0ms)
			DisableScriptedObjects (0ms)
			BackupInstance (0ms)
			ReleaseScriptingObjects (0ms)
			CreateAndSetChildDomain (1ms)
		EndReloadAssembly (514ms)
			LoadAssemblies (110ms)
			RebuildTransferFunctionScriptingTraits (0ms)
			SetupTypeCache (119ms)
			ReleaseScriptCaches (0ms)
			RebuildScriptCaches (31ms)
			SetupLoadedEditorAssemblies (316ms)
				LogAssemblyErrors (0ms)
				InitializePlatformSupportModulesInManaged (7ms)
				SetLoadedEditorAssemblies (0ms)
				RefreshPlugins (125ms)
				BeforeProcessingInitializeOnLoad (1ms)
				ProcessInitializeOnLoadAttributes (127ms)
				ProcessInitializeOnLoadMethodAttributes (56ms)
				AfterProcessingInitializeOnLoad (0ms)
				EditorAssembliesLoaded (0ms)
			ExecutionOrderSort2 (0ms)
			AwakeInstancesAfterBackupRestoration (0ms)
Platform modules already initialized, skipping
Registering precompiled user dll's ...
Registered in 0.007846 seconds.
Begin MonoManager ReloadAssembly
Symbol file LoadedFromMemory doesn't match image D:\UNITY EĞİTİMLERİ\GİTHUB\OUABootcampTeam-U139\Turn Base Movement\Library\PackageCache\com.unity.visualscripting@1.8.0\Editor\VisualScripting.Core\Dependencies\YamlDotNet\Unity.VisualScripting.YamlDotNet.dll
Symbol file LoadedFromMemory doesn't match image D:\UNITY EĞİTİMLERİ\GİTHUB\OUABootcampTeam-U139\Turn Base Movement\Library\PackageCache\com.unity.visualscripting@1.8.0\Editor\VisualScripting.Core\Dependencies\DotNetZip\Unity.VisualScripting.IonicZip.dll
Native extension for WindowsStandalone target not found
Refreshing native plugins compatible for Editor in 181.11 ms, found 3 plugins.
Preloading 0 native plugins for Editor in 0.00 ms.
Mono: successfully reloaded assembly
- Completed reload, in  2.285 seconds
Domain Reload Profiling:
	ReloadAssembly (2286ms)
		BeginReloadAssembly (147ms)
			ExecutionOrderSort (0ms)
			DisableScriptedObjects (6ms)
			BackupInstance (0ms)
			ReleaseScriptingObjects (0ms)
			CreateAndSetChildDomain (21ms)
		EndReloadAssembly (1980ms)
			LoadAssemblies (143ms)
			RebuildTransferFunctionScriptingTraits (0ms)
			SetupTypeCache (566ms)
			ReleaseScriptCaches (2ms)
			RebuildScriptCaches (129ms)
			SetupLoadedEditorAssemblies (1070ms)
				LogAssemblyErrors (0ms)
				InitializePlatformSupportModulesInManaged (5ms)
				SetLoadedEditorAssemblies (0ms)
				RefreshPlugins (181ms)
				BeforeProcessingInitializeOnLoad (158ms)
				ProcessInitializeOnLoadAttributes (593ms)
				ProcessInitializeOnLoadMethodAttributes (128ms)
				AfterProcessingInitializeOnLoad (5ms)
				EditorAssembliesLoaded (0ms)
			ExecutionOrderSort2 (0ms)
			AwakeInstancesAfterBackupRestoration (10ms)
Platform modules already initialized, skipping
========================================================================
Worker process is ready to serve import requests
Launched and connected shader compiler UnityShaderCompiler.exe after 0.04 seconds
Refreshing native plugins compatible for Editor in 0.88 ms, found 3 plugins.
Preloading 0 native plugins for Editor in 0.00 ms.
Unloading 5600 Unused Serialized files (Serialized files now loaded: 0)
Unloading 74 unused Assets / (2.2 MB). Loaded Objects now: 6057.
Memory consumption went from 229.4 MB to 227.1 MB.
Total: 3.958800 ms (FindLiveObjects: 0.438500 ms CreateObjectMapping: 0.486900 ms MarkObjects: 2.524100 ms  DeleteObjects: 0.508300 ms)

AssetImportParameters requested are different than current active one (requested -> active):
  custom:video-decoder-ogg-theora: a1e56fd34408186e4bbccfd4996cb3dc -> 
  custom:container-muxer-webm: aa71ff27fc2769a1b78a27578f13a17b -> 
  custom:container-demuxer-webm: 4f35f7cbe854078d1ac9338744f61a02 -> 
  custom:video-encoder-webm-vp8: eb34c28f22e8b96e1ab97ce403110664 -> 
  custom:video-codec-MediaFoundation-h265: 746d11721c4dcdbdad8f713fa42b33f4 -> 
  custom:audio-encoder-webm-vorbis: bf7c407c2cedff20999df2af8eb42d56 -> 
  custom:framework-win-MediaFoundation: 216162199b28c13a410421893ffa2e32 -> 
  custom:container-demuxer-ogg: 62fdf1f143b41e24485cea50d1cbac27 -> 
  custom:video-decoder-webm-vp8: 9c59270c3fd7afecdb556c50c9e8de78 -> 
  custom:audio-decoder-ogg-vorbis: bf7c407c2cedff20999df2af8eb42d56 -> 
========================================================================
Received Import Request.
  Time since last request: 5040.669420 seconds.
  path: Assets/Scenes/HEXAGONIA.unity
  artifactKey: Guid(665f09cb9b2cbb34d9e3755a9b1db219) Importer(815301076,1909f56bfc062723c751e8b465ee728b)
Start importing Assets/Scenes/HEXAGONIA.unity using Guid(665f09cb9b2cbb34d9e3755a9b1db219) Importer(815301076,1909f56bfc062723c751e8b465ee728b)  -> (artifact id: 'e0cef9df70afa5325700b3c306788c86') in 0.017616 seconds 
========================================================================
Received Import Request.
  Time since last request: 17.628444 seconds.
  path: Assets/Scenes/SampleScene.unity
  artifactKey: Guid(bd127695053efe64daa74f6e8de64eb5) Importer(815301076,1909f56bfc062723c751e8b465ee728b)
Start importing Assets/Scenes/SampleScene.unity using Guid(bd127695053efe64daa74f6e8de64eb5) Importer(815301076,1909f56bfc062723c751e8b465ee728b)  -> (artifact id: '79fc7898e0830b35c67cbdbfaac9568b') in 0.015166 seconds 
========================================================================
Received Import Request.
  Time since last request: 0.767693 seconds.
  path: Assets/Scenes/SampleScene1.unity
  artifactKey: Guid(9fc0d4010bbf28b4594072e72b8655ab) Importer(815301076,1909f56bfc062723c751e8b465ee728b)
Start importing Assets/Scenes/SampleScene1.unity using Guid(9fc0d4010bbf28b4594072e72b8655ab) Importer(815301076,1909f56bfc062723c751e8b465ee728b)  -> (artifact id: '25bc3c0b4ad6e21401a11b065dae51d3') in 0.013461 seconds 
========================================================================
Received Prepare
Registering precompiled user dll's ...
Registered in 0.008110 seconds.
Begin MonoManager ReloadAssembly
Symbol file LoadedFromMemory doesn't match image D:\UNITY EĞİTİMLERİ\GİTHUB\OUABootcampTeam-U139\Turn Base Movement\Library\PackageCache\com.unity.visualscripting@1.8.0\Editor\VisualScripting.Core\Dependencies\YamlDotNet\Unity.VisualScripting.YamlDotNet.dll
Symbol file LoadedFromMemory doesn't match image D:\UNITY EĞİTİMLERİ\GİTHUB\OUABootcampTeam-U139\Turn Base Movement\Library\PackageCache\com.unity.visualscripting@1.8.0\Editor\VisualScripting.Core\Dependencies\DotNetZip\Unity.VisualScripting.IonicZip.dll
Native extension for WindowsStandalone target not found
Refreshing native plugins compatible for Editor in 2.15 ms, found 3 plugins.
Preloading 0 native plugins for Editor in 0.00 ms.
Mono: successfully reloaded assembly
- Completed reload, in  2.124 seconds
Domain Reload Profiling:
	ReloadAssembly (2125ms)
		BeginReloadAssembly (280ms)
			ExecutionOrderSort (0ms)
			DisableScriptedObjects (8ms)
			BackupInstance (0ms)
			ReleaseScriptingObjects (0ms)
			CreateAndSetChildDomain (64ms)
		EndReloadAssembly (1699ms)
			LoadAssemblies (242ms)
			RebuildTransferFunctionScriptingTraits (0ms)
			SetupTypeCache (525ms)
			ReleaseScriptCaches (3ms)
			RebuildScriptCaches (89ms)
			SetupLoadedEditorAssemblies (846ms)
				LogAssemblyErrors (0ms)
				InitializePlatformSupportModulesInManaged (8ms)
				SetLoadedEditorAssemblies (1ms)
				RefreshPlugins (2ms)
				BeforeProcessingInitializeOnLoad (130ms)
				ProcessInitializeOnLoadAttributes (565ms)
				ProcessInitializeOnLoadMethodAttributes (134ms)
				AfterProcessingInitializeOnLoad (6ms)
				EditorAssembliesLoaded (0ms)
			ExecutionOrderSort2 (0ms)
			AwakeInstancesAfterBackupRestoration (12ms)
Platform modules already initialized, skipping
Refreshing native plugins compatible for Editor in 4.15 ms, found 3 plugins.
Preloading 0 native plugins for Editor in 0.00 ms.
Unloading 5474 Unused Serialized files (Serialized files now loaded: 0)
Unloading 39 unused Assets / (2.2 MB). Loaded Objects now: 6072.
Memory consumption went from 216.5 MB to 214.3 MB.
Total: 6.142400 ms (FindLiveObjects: 0.425300 ms CreateObjectMapping: 0.952800 ms MarkObjects: 4.214700 ms  DeleteObjects: 0.548800 ms)

AssetImportParameters requested are different than current active one (requested -> active):
  custom:video-decoder-ogg-theora: a1e56fd34408186e4bbccfd4996cb3dc -> 
  custom:container-muxer-webm: aa71ff27fc2769a1b78a27578f13a17b -> 
  custom:container-demuxer-webm: 4f35f7cbe854078d1ac9338744f61a02 -> 
  custom:video-encoder-webm-vp8: eb34c28f22e8b96e1ab97ce403110664 -> 
  custom:video-codec-MediaFoundation-h265: 746d11721c4dcdbdad8f713fa42b33f4 -> 
  custom:audio-encoder-webm-vorbis: bf7c407c2cedff20999df2af8eb42d56 -> 
  custom:framework-win-MediaFoundation: 216162199b28c13a410421893ffa2e32 -> 
  custom:container-demuxer-ogg: 62fdf1f143b41e24485cea50d1cbac27 -> 
  custom:video-decoder-webm-vp8: 9c59270c3fd7afecdb556c50c9e8de78 -> 
  custom:audio-decoder-ogg-vorbis: bf7c407c2cedff20999df2af8eb42d56 -> 
========================================================================
Received Import Request.
  Time since last request: 45.174622 seconds.
  path: Assets/Low Poly Free Vegetation Kit
  artifactKey: Guid(2b60a30322e77ee49af3acf205d1f1a9) Importer(815301076,1909f56bfc062723c751e8b465ee728b)
Start importing Assets/Low Poly Free Vegetation Kit using Guid(2b60a30322e77ee49af3acf205d1f1a9) Importer(815301076,1909f56bfc062723c751e8b465ee728b)  -> (artifact id: '0414c24857da4216c95d4416653319f4') in 0.023065 seconds 
========================================================================
Received Import Request.
  Time since last request: 0.963826 seconds.
  path: Assets/Low Poly Free Vegetation Kit/Prefabs
  artifactKey: Guid(073bece8d22a3ca48bcbcd473ca3dff4) Importer(815301076,1909f56bfc062723c751e8b465ee728b)
Start importing Assets/Low Poly Free Vegetation Kit/Prefabs using Guid(073bece8d22a3ca48bcbcd473ca3dff4) Importer(815301076,1909f56bfc062723c751e8b465ee728b)  -> (artifact id: '151471be415f294b1cccc83e8aaa8060') in 0.015061 seconds 
========================================================================
Received Import Request.
  Time since last request: 1.409021 seconds.
  path: Assets/Low Poly Free Vegetation Kit/Prefabs/Terrains
  artifactKey: Guid(3645bb0bd9c25fb4e8ab749536902ca0) Importer(815301076,1909f56bfc062723c751e8b465ee728b)
Start importing Assets/Low Poly Free Vegetation Kit/Prefabs/Terrains using Guid(3645bb0bd9c25fb4e8ab749536902ca0) Importer(815301076,1909f56bfc062723c751e8b465ee728b)  -> (artifact id: '082d22b445393be29e25de3e306c1868') in 0.013588 seconds 
========================================================================
Received Import Request.
  Time since last request: 0.079682 seconds.
  path: Assets/Low Poly Free Vegetation Kit/Prefabs/Terrains/Small Terrrain 4.prefab
  artifactKey: Guid(5e506b9ce8ec1274cac6a26f50ec2f32) Importer(815301076,1909f56bfc062723c751e8b465ee728b)
Start importing Assets/Low Poly Free Vegetation Kit/Prefabs/Terrains/Small Terrrain 4.prefab using Guid(5e506b9ce8ec1274cac6a26f50ec2f32) Importer(815301076,1909f56bfc062723c751e8b465ee728b)  -> (artifact id: 'a770bb78bfb2559b94abe107733d0870') in 0.152414 seconds 
========================================================================
Received Import Request.
  Time since last request: 0.000022 seconds.
  path: Assets/Low Poly Free Vegetation Kit/Prefabs/Terrains/Water 2.prefab
  artifactKey: Guid(2a4625c7296ca1848bf85307ce47de11) Importer(815301076,1909f56bfc062723c751e8b465ee728b)
Start importing Assets/Low Poly Free Vegetation Kit/Prefabs/Terrains/Water 2.prefab using Guid(2a4625c7296ca1848bf85307ce47de11) Importer(815301076,1909f56bfc062723c751e8b465ee728b)  -> (artifact id: '3e3677e2eaa2a9ad40c9391ca75a208d') in 0.306679 seconds 
========================================================================
Received Import Request.
  Time since last request: 0.000028 seconds.
  path: Assets/Low Poly Free Vegetation Kit/Prefabs/Terrains/Terrain 5.prefab
  artifactKey: Guid(cc5c88d03147e4649ba476b947a8c684) Importer(815301076,1909f56bfc062723c751e8b465ee728b)
Start importing Assets/Low Poly Free Vegetation Kit/Prefabs/Terrains/Terrain 5.prefab using Guid(cc5c88d03147e4649ba476b947a8c684) Importer(815301076,1909f56bfc062723c751e8b465ee728b)  -> (artifact id: 'e609057abb40741f640cd177f9e4b6f5') in 0.016811 seconds 
========================================================================
Received Import Request.
  Time since last request: 0.000083 seconds.
  path: Assets/Low Poly Free Vegetation Kit/Prefabs/Terrains/Terrain 1.prefab
  artifactKey: Guid(3b8d04aad36504b419b3c68d9fcf7c20) Importer(815301076,1909f56bfc062723c751e8b465ee728b)
Start importing Assets/Low Poly Free Vegetation Kit/Prefabs/Terrains/Terrain 1.prefab using Guid(3b8d04aad36504b419b3c68d9fcf7c20) Importer(815301076,1909f56bfc062723c751e8b465ee728b)  -> (artifact id: '8b1ffba78d8fcb04dcd6e959f1f9bdde') in 0.024934 seconds 
